{"meta": {"format": 3, "version": "7.10.3", "timestamp": "2025-08-15T19:42:06.845086", "branch_coverage": true, "show_contexts": false}, "files": {"src/security/security_scanner.py": {"executed_lines": [1, 7, 8, 9, 10, 11, 12, 13, 14, 15, 16, 17, 18, 19, 20, 21, 22, 24, 26, 29, 30, 31, 32, 33, 34, 35, 36, 37, 40, 41, 42, 43, 44, 45, 46, 49, 50, 51, 52, 53, 54, 55, 58, 59, 60, 61, 62, 63, 64, 65, 66, 67, 68, 69, 70, 71, 72, 73, 74, 75, 76, 77, 78, 81, 82, 83, 84, 85, 86, 87, 88, 89, 90, 91, 92, 93, 95, 102, 108, 109, 110, 111, 112, 113, 114, 115, 116, 117, 118, 121, 122, 124, 126, 128, 158, 180, 201, 245, 250, 253, 256, 257, 259, 261, 262, 265, 275, 328, 351, 352, 354, 356, 358, 422, 459, 462, 465, 466, 468, 512, 553, 554, 556, 558, 559, 560, 561, 562, 564, 565, 566, 568, 612, 638, 642, 663, 691, 699, 725, 739, 754, 770, 803, 850, 863], "summary": {"covered_lines": 133, "num_statements": 400, "percent_covered": 25.478927203065133, "percent_covered_display": "25.5", "missing_lines": 267, "excluded_lines": 0, "num_branches": 122, "num_partial_branches": 0, "covered_branches": 0, "missing_branches": 122}, "missing_lines": [97, 98, 99, 100, 104, 130, 132, 133, 134, 136, 137, 138, 139, 142, 143, 144, 147, 148, 149, 150, 151, 153, 154, 156, 160, 162, 163, 164, 167, 168, 169, 170, 171, 172, 173, 175, 176, 178, 183, 191, 192, 193, 194, 195, 197, 199, 203, 206, 239, 240, 241, 243, 248, 277, 279, 280, 281, 284, 286, 288, 290, 301, 304, 305, 306, 307, 309, 321, 323, 324, 326, 331, 332, 334, 336, 338, 340, 341, 342, 344, 345, 346, 348, 360, 362, 363, 364, 367, 376, 377, 378, 380, 391, 394, 400, 401, 402, 404, 415, 417, 418, 420, 424, 426, 427, 428, 431, 438, 439, 440, 442, 452, 454, 455, 457, 470, 472, 473, 474, 476, 477, 480, 481, 491, 494, 495, 505, 507, 508, 510, 514, 516, 517, 518, 520, 523, 530, 532, 533, 534, 543, 545, 547, 548, 550, 570, 571, 573, 574, 576, 584, 585, 588, 589, 590, 591, 592, 593, 596, 597, 598, 599, 601, 602, 603, 604, 605, 607, 608, 610, 614, 617, 624, 625, 626, 627, 628, 631, 632, 633, 634, 636, 640, 644, 646, 648, 650, 651, 652, 654, 655, 656, 657, 658, 659, 661, 665, 668, 673, 674, 675, 676, 679, 684, 685, 686, 687, 689, 693, 694, 695, 697, 701, 703, 705, 706, 707, 709, 710, 711, 713, 714, 716, 727, 728, 729, 730, 731, 732, 733, 734, 736, 737, 741, 742, 744, 746, 748, 749, 750, 752, 756, 758, 759, 761, 763, 764, 765, 766, 768, 772, 783, 784, 799, 801, 806, 820, 821, 830, 831, 839, 840, 844, 846, 848, 852, 859], "excluded_lines": [], "executed_branches": [], "missing_branches": [[98, 99], [98, 100], [136, 137], [136, 156], [138, 139], [138, 142], [143, 136], [143, 144], [148, 136], [148, 149], [167, 168], [167, 178], [168, 167], [168, 169], [169, 167], [169, 170], [171, 169], [171, 172], [191, 192], [191, 199], [193, 191], [193, 194], [194, 195], [194, 197], [239, 240], [239, 243], [240, 241], [240, 243], [286, 288], [286, 304], [304, 305], [304, 326], [306, 304], [306, 307], [331, 332], [331, 334], [336, 338], [336, 348], [340, 336], [340, 341], [344, 340], [344, 345], [376, 377], [376, 394], [377, 376], [377, 378], [400, 401], [400, 420], [401, 400], [401, 402], [438, 439], [438, 457], [439, 438], [439, 440], [476, 477], [476, 510], [480, 481], [480, 494], [494, 476], [494, 495], [530, 532], [530, 545], [533, 530], [533, 534], [570, 571], [570, 573], [588, 589], [588, 596], [624, 625], [624, 631], [626, 624], [626, 627], [632, 633], [632, 636], [646, 648], [646, 661], [650, 646], [650, 651], [654, 655], [654, 657], [657, 650], [657, 658], [673, 674], [673, 679], [674, 673], [674, 675], [684, 685], [684, 689], [685, 684], [685, 686], [694, 695], [694, 697], [709, 710], [709, 716], [713, 709], [713, 714], [727, 728], [727, 729], [729, 730], [729, 731], [731, 732], [731, 733], [733, 734], [733, 736], [744, 746], [744, 752], [748, 744], [748, 749], [758, 759], [758, 761], [763, 764], [763, 765], [765, 766], [765, 768], [783, 784], [783, 801], [820, 821], [820, 848], [830, 831], [830, 846], [839, 840], [839, 844]], "functions": {"ScanResult.get_severity_counts": {"executed_lines": [], "summary": {"covered_lines": 0, "num_statements": 4, "percent_covered": 0.0, "percent_covered_display": "0.0", "missing_lines": 4, "excluded_lines": 0, "num_branches": 2, "num_partial_branches": 0, "covered_branches": 0, "missing_branches": 2}, "missing_lines": [97, 98, 99, 100], "excluded_lines": [], "executed_branches": [], "missing_branches": [[98, 99], [98, 100]]}, "ScanResult.get_high_severity_count": {"executed_lines": [], "summary": {"covered_lines": 0, "num_statements": 1, "percent_covered": 0.0, "percent_covered_display": "0.0", "missing_lines": 1, "excluded_lines": 0, "num_branches": 0, "num_partial_branches": 0, "covered_branches": 0, "missing_branches": 0}, "missing_lines": [104], "excluded_lines": [], "executed_branches": [], "missing_branches": []}, "DependencyScanner.__init__": {"executed_lines": [126], "summary": {"covered_lines": 1, "num_statements": 1, "percent_covered": 100.0, "percent_covered_display": "100.0", "missing_lines": 0, "excluded_lines": 0, "num_branches": 0, "num_partial_branches": 0, "covered_branches": 0, "missing_branches": 0}, "missing_lines": [], "excluded_lines": [], "executed_branches": [], "missing_branches": []}, "DependencyScanner.scan_requirements_file": {"executed_lines": [], "summary": {"covered_lines": 0, "num_statements": 19, "percent_covered": 0.0, "percent_covered_display": "0.0", "missing_lines": 19, "excluded_lines": 0, "num_branches": 8, "num_partial_branches": 0, "covered_branches": 0, "missing_branches": 8}, "missing_lines": [130, 132, 133, 134, 136, 137, 138, 139, 142, 143, 144, 147, 148, 149, 150, 151, 153, 154, 156], "excluded_lines": [], "executed_branches": [], "missing_branches": [[136, 137], [136, 156], [138, 139], [138, 142], [143, 136], [143, 144], [148, 136], [148, 149]]}, "DependencyScanner.scan_package_json": {"executed_lines": [], "summary": {"covered_lines": 0, "num_statements": 14, "percent_covered": 0.0, "percent_covered_display": "0.0", "missing_lines": 14, "excluded_lines": 0, "num_branches": 8, "num_partial_branches": 0, "covered_branches": 0, "missing_branches": 8}, "missing_lines": [160, 162, 163, 164, 167, 168, 169, 170, 171, 172, 173, 175, 176, 178], "excluded_lines": [], "executed_branches": [], "missing_branches": [[167, 168], [167, 178], [168, 167], [168, 169], [169, 167], [169, 170], [171, 169], [171, 172]]}, "DependencyScanner._parse_requirement_line": {"executed_lines": [], "summary": {"covered_lines": 0, "num_statements": 8, "percent_covered": 0.0, "percent_covered_display": "0.0", "missing_lines": 8, "excluded_lines": 0, "num_branches": 6, "num_partial_branches": 0, "covered_branches": 0, "missing_branches": 6}, "missing_lines": [183, 191, 192, 193, 194, 195, 197, 199], "excluded_lines": [], "executed_branches": [], "missing_branches": [[191, 192], [191, 199], [193, 191], [193, 194], [194, 195], [194, 197]]}, "DependencyScanner._check_package_vulnerabilities": {"executed_lines": [], "summary": {"covered_lines": 0, "num_statements": 6, "percent_covered": 0.0, "percent_covered_display": "0.0", "missing_lines": 6, "excluded_lines": 0, "num_branches": 4, "num_partial_branches": 0, "covered_branches": 0, "missing_branches": 4}, "missing_lines": [203, 206, 239, 240, 241, 243], "excluded_lines": [], "executed_branches": [], "missing_branches": [[239, 240], [239, 243], [240, 241], [240, 243]]}, "DependencyScanner._check_npm_vulnerabilities": {"executed_lines": [], "summary": {"covered_lines": 0, "num_statements": 1, "percent_covered": 0.0, "percent_covered_display": "0.0", "missing_lines": 1, "excluded_lines": 0, "num_branches": 0, "num_partial_branches": 0, "covered_branches": 0, "missing_branches": 0}, "missing_lines": [248], "excluded_lines": [], "executed_branches": [], "missing_branches": []}, "DependencyScanner._load_vulnerability_database": {"executed_lines": [253], "summary": {"covered_lines": 1, "num_statements": 1, "percent_covered": 100.0, "percent_covered_display": "100.0", "missing_lines": 0, "excluded_lines": 0, "num_branches": 0, "num_partial_branches": 0, "covered_branches": 0, "missing_branches": 0}, "missing_lines": [], "excluded_lines": [], "executed_branches": [], "missing_branches": []}, "SecretScanner.__init__": {"executed_lines": [261, 262, 265], "summary": {"covered_lines": 3, "num_statements": 3, "percent_covered": 100.0, "percent_covered_display": "100.0", "missing_lines": 0, "excluded_lines": 0, "num_branches": 0, "num_partial_branches": 0, "covered_branches": 0, "missing_branches": 0}, "missing_lines": [], "excluded_lines": [], "executed_branches": [], "missing_branches": []}, "SecretScanner.scan_file": {"executed_lines": [], "summary": {"covered_lines": 0, "num_statements": 18, "percent_covered": 0.0, "percent_covered_display": "0.0", "missing_lines": 18, "excluded_lines": 0, "num_branches": 6, "num_partial_branches": 0, "covered_branches": 0, "missing_branches": 6}, "missing_lines": [277, 279, 280, 281, 284, 286, 288, 290, 301, 304, 305, 306, 307, 309, 321, 323, 324, 326], "excluded_lines": [], "executed_branches": [], "missing_branches": [[286, 288], [286, 304], [304, 305], [304, 326], [306, 304], [306, 307]]}, "SecretScanner.scan_directory": {"executed_lines": [], "summary": {"covered_lines": 0, "num_statements": 12, "percent_covered": 0.0, "percent_covered_display": "0.0", "missing_lines": 12, "excluded_lines": 0, "num_branches": 8, "num_partial_branches": 0, "covered_branches": 0, "missing_branches": 8}, "missing_lines": [331, 332, 334, 336, 338, 340, 341, 342, 344, 345, 346, 348], "excluded_lines": [], "executed_branches": [], "missing_branches": [[331, 332], [331, 334], [336, 338], [336, 348], [340, 336], [340, 341], [344, 340], [344, 345]]}, "CodeAnalyzer.__init__": {"executed_lines": [356], "summary": {"covered_lines": 1, "num_statements": 1, "percent_covered": 100.0, "percent_covered_display": "100.0", "missing_lines": 0, "excluded_lines": 0, "num_branches": 0, "num_partial_branches": 0, "covered_branches": 0, "missing_branches": 0}, "missing_lines": [], "excluded_lines": [], "executed_branches": [], "missing_branches": []}, "CodeAnalyzer.scan_python_file": {"executed_lines": [], "summary": {"covered_lines": 0, "num_statements": 19, "percent_covered": 0.0, "percent_covered_display": "0.0", "missing_lines": 19, "excluded_lines": 0, "num_branches": 8, "num_partial_branches": 0, "covered_branches": 0, "missing_branches": 8}, "missing_lines": [360, 362, 363, 364, 367, 376, 377, 378, 380, 391, 394, 400, 401, 402, 404, 415, 417, 418, 420], "excluded_lines": [], "executed_branches": [], "missing_branches": [[376, 377], [376, 394], [377, 376], [377, 378], [400, 401], [400, 420], [401, 400], [401, 402]]}, "CodeAnalyzer.scan_javascript_file": {"executed_lines": [], "summary": {"covered_lines": 0, "num_statements": 13, "percent_covered": 0.0, "percent_covered_display": "0.0", "missing_lines": 13, "excluded_lines": 0, "num_branches": 4, "num_partial_branches": 0, "covered_branches": 0, "missing_branches": 4}, "missing_lines": [424, 426, 427, 428, 431, 438, 439, 440, 442, 452, 454, 455, 457], "excluded_lines": [], "executed_branches": [], "missing_branches": [[438, 439], [438, 457], [439, 438], [439, 440]]}, "CodeAnalyzer._load_security_patterns": {"executed_lines": [462], "summary": {"covered_lines": 1, "num_statements": 1, "percent_covered": 100.0, "percent_covered_display": "100.0", "missing_lines": 0, "excluded_lines": 0, "num_branches": 0, "num_partial_branches": 0, "covered_branches": 0, "missing_branches": 0}, "missing_lines": [], "excluded_lines": [], "executed_branches": [], "missing_branches": []}, "ConfigurationScanner.scan_docker_file": {"executed_lines": [], "summary": {"covered_lines": 0, "num_statements": 15, "percent_covered": 0.0, "percent_covered_display": "0.0", "missing_lines": 15, "excluded_lines": 0, "num_branches": 6, "num_partial_branches": 0, "covered_branches": 0, "missing_branches": 6}, "missing_lines": [470, 472, 473, 474, 476, 477, 480, 481, 491, 494, 495, 505, 507, 508, 510], "excluded_lines": [], "executed_branches": [], "missing_branches": [[476, 477], [476, 510], [480, 481], [480, 494], [494, 476], [494, 495]]}, "ConfigurationScanner.scan_nginx_config": {"executed_lines": [], "summary": {"covered_lines": 0, "num_statements": 15, "percent_covered": 0.0, "percent_covered_display": "0.0", "missing_lines": 15, "excluded_lines": 0, "num_branches": 4, "num_partial_branches": 0, "covered_branches": 0, "missing_branches": 4}, "missing_lines": [514, 516, 517, 518, 520, 523, 530, 532, 533, 534, 543, 545, 547, 548, 550], "excluded_lines": [], "executed_branches": [], "missing_branches": [[530, 532], [530, 545], [533, 530], [533, 534]]}, "SecurityScanner.__init__": {"executed_lines": [558, 559, 560, 561, 562, 564, 565, 566], "summary": {"covered_lines": 8, "num_statements": 8, "percent_covered": 100.0, "percent_covered_display": "100.0", "missing_lines": 0, "excluded_lines": 0, "num_branches": 0, "num_partial_branches": 0, "covered_branches": 0, "missing_branches": 0}, "missing_lines": [], "excluded_lines": [], "executed_branches": [], "missing_branches": []}, "SecurityScanner.scan_project": {"executed_lines": [], "summary": {"covered_lines": 0, "num_statements": 25, "percent_covered": 0.0, "percent_covered_display": "0.0", "missing_lines": 25, "excluded_lines": 0, "num_branches": 4, "num_partial_branches": 0, "covered_branches": 0, "missing_branches": 4}, "missing_lines": [570, 571, 573, 574, 576, 584, 585, 588, 589, 590, 591, 592, 593, 596, 597, 598, 599, 601, 602, 603, 604, 605, 607, 608, 610], "excluded_lines": [], "executed_branches": [], "missing_branches": [[570, 571], [570, 573], [588, 589], [588, 596]]}, "SecurityScanner.scan_dependencies": {"executed_lines": [], "summary": {"covered_lines": 0, "num_statements": 12, "percent_covered": 0.0, "percent_covered_display": "0.0", "missing_lines": 12, "excluded_lines": 0, "num_branches": 6, "num_partial_branches": 0, "covered_branches": 0, "missing_branches": 6}, "missing_lines": [614, 617, 624, 625, 626, 627, 628, 631, 632, 633, 634, 636], "excluded_lines": [], "executed_branches": [], "missing_branches": [[624, 625], [624, 631], [626, 624], [626, 627], [632, 633], [632, 636]]}, "SecurityScanner.scan_secrets": {"executed_lines": [], "summary": {"covered_lines": 0, "num_statements": 1, "percent_covered": 0.0, "percent_covered_display": "0.0", "missing_lines": 1, "excluded_lines": 0, "num_branches": 0, "num_partial_branches": 0, "covered_branches": 0, "missing_branches": 0}, "missing_lines": [640], "excluded_lines": [], "executed_branches": [], "missing_branches": []}, "SecurityScanner.scan_code_quality": {"executed_lines": [], "summary": {"covered_lines": 0, "num_statements": 13, "percent_covered": 0.0, "percent_covered_display": "0.0", "missing_lines": 13, "excluded_lines": 0, "num_branches": 8, "num_partial_branches": 0, "covered_branches": 0, "missing_branches": 8}, "missing_lines": [644, 646, 648, 650, 651, 652, 654, 655, 656, 657, 658, 659, 661], "excluded_lines": [], "executed_branches": [], "missing_branches": [[646, 648], [646, 661], [650, 646], [650, 651], [654, 655], [654, 657], [657, 650], [657, 658]]}, "SecurityScanner.scan_configuration": {"executed_lines": [], "summary": {"covered_lines": 0, "num_statements": 12, "percent_covered": 0.0, "percent_covered_display": "0.0", "missing_lines": 12, "excluded_lines": 0, "num_branches": 8, "num_partial_branches": 0, "covered_branches": 0, "missing_branches": 8}, "missing_lines": [665, 668, 673, 674, 675, 676, 679, 684, 685, 686, 687, 689], "excluded_lines": [], "executed_branches": [], "missing_branches": [[673, 674], [673, 679], [674, 673], [674, 675], [684, 685], [684, 689], [685, 684], [685, 686]]}, "SecurityScanner.get_scan_results": {"executed_lines": [], "summary": {"covered_lines": 0, "num_statements": 4, "percent_covered": 0.0, "percent_covered_display": "0.0", "missing_lines": 4, "excluded_lines": 0, "num_branches": 2, "num_partial_branches": 0, "covered_branches": 0, "missing_branches": 2}, "missing_lines": [693, 694, 695, 697], "excluded_lines": [], "executed_branches": [], "missing_branches": [[694, 695], [694, 697]]}, "SecurityScanner.get_vulnerability_summary": {"executed_lines": [], "summary": {"covered_lines": 0, "num_statements": 11, "percent_covered": 0.0, "percent_covered_display": "0.0", "missing_lines": 11, "excluded_lines": 0, "num_branches": 4, "num_partial_branches": 0, "covered_branches": 0, "missing_branches": 4}, "missing_lines": [701, 703, 705, 706, 707, 709, 710, 711, 713, 714, 716], "excluded_lines": [], "executed_branches": [], "missing_branches": [[709, 710], [709, 716], [713, 709], [713, 714]]}, "SecurityScanner._run_scan_type": {"executed_lines": [], "summary": {"covered_lines": 0, "num_statements": 10, "percent_covered": 0.0, "percent_covered_display": "0.0", "missing_lines": 10, "excluded_lines": 0, "num_branches": 8, "num_partial_branches": 0, "covered_branches": 0, "missing_branches": 8}, "missing_lines": [727, 728, 729, 730, 731, 732, 733, 734, 736, 737], "excluded_lines": [], "executed_branches": [], "missing_branches": [[727, 728], [727, 729], [729, 730], [729, 731], [731, 732], [731, 733], [733, 734], [733, 736]]}, "SecurityScanner._deduplicate_vulnerabilities": {"executed_lines": [], "summary": {"covered_lines": 0, "num_statements": 8, "percent_covered": 0.0, "percent_covered_display": "0.0", "missing_lines": 8, "excluded_lines": 0, "num_branches": 4, "num_partial_branches": 0, "covered_branches": 0, "missing_branches": 4}, "missing_lines": [741, 742, 744, 746, 748, 749, 750, 752], "excluded_lines": [], "executed_branches": [], "missing_branches": [[744, 746], [744, 752], [748, 744], [748, 749]]}, "SecurityScanner.export_results": {"executed_lines": [], "summary": {"covered_lines": 0, "num_statements": 9, "percent_covered": 0.0, "percent_covered_display": "0.0", "missing_lines": 9, "excluded_lines": 0, "num_branches": 6, "num_partial_branches": 0, "covered_branches": 0, "missing_branches": 6}, "missing_lines": [756, 758, 759, 761, 763, 764, 765, 766, 768], "excluded_lines": [], "executed_branches": [], "missing_branches": [[758, 759], [758, 761], [763, 764], [763, 765], [765, 766], [765, 768]]}, "SecurityScanner._export_json": {"executed_lines": [], "summary": {"covered_lines": 0, "num_statements": 5, "percent_covered": 0.0, "percent_covered_display": "0.0", "missing_lines": 5, "excluded_lines": 0, "num_branches": 2, "num_partial_branches": 0, "covered_branches": 0, "missing_branches": 2}, "missing_lines": [772, 783, 784, 799, 801], "excluded_lines": [], "executed_branches": [], "missing_branches": [[783, 784], [783, 801]]}, "SecurityScanner._export_sarif": {"executed_lines": [], "summary": {"covered_lines": 0, "num_statements": 10, "percent_covered": 0.0, "percent_covered_display": "0.0", "missing_lines": 10, "excluded_lines": 0, "num_branches": 6, "num_partial_branches": 0, "covered_branches": 0, "missing_branches": 6}, "missing_lines": [806, 820, 821, 830, 831, 839, 840, 844, 846, 848], "excluded_lines": [], "executed_branches": [], "missing_branches": [[820, 821], [820, 848], [830, 831], [830, 846], [839, 840], [839, 844]]}, "SecurityScanner._severity_to_sarif_level": {"executed_lines": [], "summary": {"covered_lines": 0, "num_statements": 2, "percent_covered": 0.0, "percent_covered_display": "0.0", "missing_lines": 2, "excluded_lines": 0, "num_branches": 0, "num_partial_branches": 0, "covered_branches": 0, "missing_branches": 0}, "missing_lines": [852, 859], "excluded_lines": [], "executed_branches": [], "missing_branches": []}, "": {"executed_lines": [1, 7, 8, 9, 10, 11, 12, 13, 14, 15, 16, 17, 18, 19, 20, 21, 22, 24, 26, 29, 30, 31, 32, 33, 34, 35, 36, 37, 40, 41, 42, 43, 44, 45, 46, 49, 50, 51, 52, 53, 54, 55, 58, 59, 60, 61, 62, 63, 64, 65, 66, 67, 68, 69, 70, 71, 72, 73, 74, 75, 76, 77, 78, 81, 82, 83, 84, 85, 86, 87, 88, 89, 90, 91, 92, 93, 95, 102, 108, 109, 110, 111, 112, 113, 114, 115, 116, 117, 118, 121, 122, 124, 128, 158, 180, 201, 245, 250, 256, 257, 259, 275, 328, 351, 352, 354, 358, 422, 459, 465, 466, 468, 512, 553, 554, 556, 568, 612, 638, 642, 663, 691, 699, 725, 739, 754, 770, 803, 850, 863], "summary": {"covered_lines": 118, "num_statements": 118, "percent_covered": 100.0, "percent_covered_display": "100.0", "missing_lines": 0, "excluded_lines": 0, "num_branches": 0, "num_partial_branches": 0, "covered_branches": 0, "missing_branches": 0}, "missing_lines": [], "excluded_lines": [], "executed_branches": [], "missing_branches": []}}, "classes": {"ScanType": {"executed_lines": [], "summary": {"covered_lines": 0, "num_statements": 0, "percent_covered": 100.0, "percent_covered_display": "100.0", "missing_lines": 0, "excluded_lines": 0, "num_branches": 0, "num_partial_branches": 0, "covered_branches": 0, "missing_branches": 0}, "missing_lines": [], "excluded_lines": [], "executed_branches": [], "missing_branches": []}, "SeverityLevel": {"executed_lines": [], "summary": {"covered_lines": 0, "num_statements": 0, "percent_covered": 100.0, "percent_covered_display": "100.0", "missing_lines": 0, "excluded_lines": 0, "num_branches": 0, "num_partial_branches": 0, "covered_branches": 0, "missing_branches": 0}, "missing_lines": [], "excluded_lines": [], "executed_branches": [], "missing_branches": []}, "ScanStatus": {"executed_lines": [], "summary": {"covered_lines": 0, "num_statements": 0, "percent_covered": 100.0, "percent_covered_display": "100.0", "missing_lines": 0, "excluded_lines": 0, "num_branches": 0, "num_partial_branches": 0, "covered_branches": 0, "missing_branches": 0}, "missing_lines": [], "excluded_lines": [], "executed_branches": [], "missing_branches": []}, "Vulnerability": {"executed_lines": [], "summary": {"covered_lines": 0, "num_statements": 0, "percent_covered": 100.0, "percent_covered_display": "100.0", "missing_lines": 0, "excluded_lines": 0, "num_branches": 0, "num_partial_branches": 0, "covered_branches": 0, "missing_branches": 0}, "missing_lines": [], "excluded_lines": [], "executed_branches": [], "missing_branches": []}, "ScanResult": {"executed_lines": [], "summary": {"covered_lines": 0, "num_statements": 5, "percent_covered": 0.0, "percent_covered_display": "0.0", "missing_lines": 5, "excluded_lines": 0, "num_branches": 2, "num_partial_branches": 0, "covered_branches": 0, "missing_branches": 2}, "missing_lines": [97, 98, 99, 100, 104], "excluded_lines": [], "executed_branches": [], "missing_branches": [[98, 99], [98, 100]]}, "ScanConfiguration": {"executed_lines": [], "summary": {"covered_lines": 0, "num_statements": 0, "percent_covered": 100.0, "percent_covered_display": "100.0", "missing_lines": 0, "excluded_lines": 0, "num_branches": 0, "num_partial_branches": 0, "covered_branches": 0, "missing_branches": 0}, "missing_lines": [], "excluded_lines": [], "executed_branches": [], "missing_branches": []}, "DependencyScanner": {"executed_lines": [126, 253], "summary": {"covered_lines": 2, "num_statements": 50, "percent_covered": 2.6315789473684212, "percent_covered_display": "2.6", "missing_lines": 48, "excluded_lines": 0, "num_branches": 26, "num_partial_branches": 0, "covered_branches": 0, "missing_branches": 26}, "missing_lines": [130, 132, 133, 134, 136, 137, 138, 139, 142, 143, 144, 147, 148, 149, 150, 151, 153, 154, 156, 160, 162, 163, 164, 167, 168, 169, 170, 171, 172, 173, 175, 176, 178, 183, 191, 192, 193, 194, 195, 197, 199, 203, 206, 239, 240, 241, 243, 248], "excluded_lines": [], "executed_branches": [], "missing_branches": [[136, 137], [136, 156], [138, 139], [138, 142], [143, 136], [143, 144], [148, 136], [148, 149], [167, 168], [167, 178], [168, 167], [168, 169], [169, 167], [169, 170], [171, 169], [171, 172], [191, 192], [191, 199], [193, 191], [193, 194], [194, 195], [194, 197], [239, 240], [239, 243], [240, 241], [240, 243]]}, "SecretScanner": {"executed_lines": [261, 262, 265], "summary": {"covered_lines": 3, "num_statements": 33, "percent_covered": 6.382978723404255, "percent_covered_display": "6.4", "missing_lines": 30, "excluded_lines": 0, "num_branches": 14, "num_partial_branches": 0, "covered_branches": 0, "missing_branches": 14}, "missing_lines": [277, 279, 280, 281, 284, 286, 288, 290, 301, 304, 305, 306, 307, 309, 321, 323, 324, 326, 331, 332, 334, 336, 338, 340, 341, 342, 344, 345, 346, 348], "excluded_lines": [], "executed_branches": [], "missing_branches": [[286, 288], [286, 304], [304, 305], [304, 326], [306, 304], [306, 307], [331, 332], [331, 334], [336, 338], [336, 348], [340, 336], [340, 341], [344, 340], [344, 345]]}, "CodeAnalyzer": {"executed_lines": [356, 462], "summary": {"covered_lines": 2, "num_statements": 34, "percent_covered": 4.3478260869565215, "percent_covered_display": "4.3", "missing_lines": 32, "excluded_lines": 0, "num_branches": 12, "num_partial_branches": 0, "covered_branches": 0, "missing_branches": 12}, "missing_lines": [360, 362, 363, 364, 367, 376, 377, 378, 380, 391, 394, 400, 401, 402, 404, 415, 417, 418, 420, 424, 426, 427, 428, 431, 438, 439, 440, 442, 452, 454, 455, 457], "excluded_lines": [], "executed_branches": [], "missing_branches": [[376, 377], [376, 394], [377, 376], [377, 378], [400, 401], [400, 420], [401, 400], [401, 402], [438, 439], [438, 457], [439, 438], [439, 440]]}, "ConfigurationScanner": {"executed_lines": [], "summary": {"covered_lines": 0, "num_statements": 30, "percent_covered": 0.0, "percent_covered_display": "0.0", "missing_lines": 30, "excluded_lines": 0, "num_branches": 10, "num_partial_branches": 0, "covered_branches": 0, "missing_branches": 10}, "missing_lines": [470, 472, 473, 474, 476, 477, 480, 481, 491, 494, 495, 505, 507, 508, 510, 514, 516, 517, 518, 520, 523, 530, 532, 533, 534, 543, 545, 547, 548, 550], "excluded_lines": [], "executed_branches": [], "missing_branches": [[476, 477], [476, 510], [480, 481], [480, 494], [494, 476], [494, 495], [530, 532], [530, 545], [533, 530], [533, 534]]}, "SecurityScanner": {"executed_lines": [558, 559, 560, 561, 562, 564, 565, 566], "summary": {"covered_lines": 8, "num_statements": 130, "percent_covered": 4.25531914893617, "percent_covered_display": "4.3", "missing_lines": 122, "excluded_lines": 0, "num_branches": 58, "num_partial_branches": 0, "covered_branches": 0, "missing_branches": 58}, "missing_lines": [570, 571, 573, 574, 576, 584, 585, 588, 589, 590, 591, 592, 593, 596, 597, 598, 599, 601, 602, 603, 604, 605, 607, 608, 610, 614, 617, 624, 625, 626, 627, 628, 631, 632, 633, 634, 636, 640, 644, 646, 648, 650, 651, 652, 654, 655, 656, 657, 658, 659, 661, 665, 668, 673, 674, 675, 676, 679, 684, 685, 686, 687, 689, 693, 694, 695, 697, 701, 703, 705, 706, 707, 709, 710, 711, 713, 714, 716, 727, 728, 729, 730, 731, 732, 733, 734, 736, 737, 741, 742, 744, 746, 748, 749, 750, 752, 756, 758, 759, 761, 763, 764, 765, 766, 768, 772, 783, 784, 799, 801, 806, 820, 821, 830, 831, 839, 840, 844, 846, 848, 852, 859], "excluded_lines": [], "executed_branches": [], "missing_branches": [[570, 571], [570, 573], [588, 589], [588, 596], [624, 625], [624, 631], [626, 624], [626, 627], [632, 633], [632, 636], [646, 648], [646, 661], [650, 646], [650, 651], [654, 655], [654, 657], [657, 650], [657, 658], [673, 674], [673, 679], [674, 673], [674, 675], [684, 685], [684, 689], [685, 684], [685, 686], [694, 695], [694, 697], [709, 710], [709, 716], [713, 709], [713, 714], [727, 728], [727, 729], [729, 730], [729, 731], [731, 732], [731, 733], [733, 734], [733, 736], [744, 746], [744, 752], [748, 744], [748, 749], [758, 759], [758, 761], [763, 764], [763, 765], [765, 766], [765, 768], [783, 784], [783, 801], [820, 821], [820, 848], [830, 831], [830, 846], [839, 840], [839, 844]]}, "": {"executed_lines": [1, 7, 8, 9, 10, 11, 12, 13, 14, 15, 16, 17, 18, 19, 20, 21, 22, 24, 26, 29, 30, 31, 32, 33, 34, 35, 36, 37, 40, 41, 42, 43, 44, 45, 46, 49, 50, 51, 52, 53, 54, 55, 58, 59, 60, 61, 62, 63, 64, 65, 66, 67, 68, 69, 70, 71, 72, 73, 74, 75, 76, 77, 78, 81, 82, 83, 84, 85, 86, 87, 88, 89, 90, 91, 92, 93, 95, 102, 108, 109, 110, 111, 112, 113, 114, 115, 116, 117, 118, 121, 122, 124, 128, 158, 180, 201, 245, 250, 256, 257, 259, 275, 328, 351, 352, 354, 358, 422, 459, 465, 466, 468, 512, 553, 554, 556, 568, 612, 638, 642, 663, 691, 699, 725, 739, 754, 770, 803, 850, 863], "summary": {"covered_lines": 118, "num_statements": 118, "percent_covered": 100.0, "percent_covered_display": "100.0", "missing_lines": 0, "excluded_lines": 0, "num_branches": 0, "num_partial_branches": 0, "covered_branches": 0, "missing_branches": 0}, "missing_lines": [], "excluded_lines": [], "executed_branches": [], "missing_branches": []}}}}, "totals": {"covered_lines": 133, "num_statements": 400, "percent_covered": 25.478927203065133, "percent_covered_display": "25.5", "missing_lines": 267, "excluded_lines": 0, "num_branches": 122, "num_partial_branches": 0, "covered_branches": 0, "missing_branches": 122}}