{"meta": {"format": 3, "version": "7.10.3", "timestamp": "2025-08-15T19:33:39.619550", "branch_coverage": true, "show_contexts": false}, "files": {"src/mcp_server/server.py": {"executed_lines": [2, 10, 11, 12, 13, 14, 15, 18, 19, 20, 21, 24, 26, 27, 28, 29, 30, 31, 32, 33, 34, 35, 36, 37, 57, 58, 61, 64, 65, 66, 67, 70, 71, 72, 73, 76, 77, 80, 81, 82, 85, 89, 91, 92, 94, 95, 99, 102, 103, 104, 108, 109, 142, 143, 146, 147, 174, 175, 178, 179, 180, 208, 209, 212, 213, 214, 219, 221, 230, 231, 233, 234, 235, 236, 238, 248, 252, 256, 262, 266, 269, 270, 272, 288, 289, 291, 292, 293, 295, 296, 297, 300, 303, 304, 306, 583, 584, 588, 589, 590, 592, 596, 600, 604, 608, 612, 616, 620, 625, 628, 859, 1140, 1244, 1406, 1586, 1588, 1594, 1595, 1596, 1597, 1604, 1605, 1606, 1607, 1614, 1615, 1617, 1618, 1619, 1628, 1631, 1775, 1777, 1778, 1780, 1781, 1782, 1783, 1784, 1785, 1795, 1798, 1853, 1908, 1953, 1956, 1958, 1960, 1961, 1972, 1975], "summary": {"covered_lines": 149, "num_statements": 621, "percent_covered": 22.249093107617895, "percent_covered_display": "22.2", "missing_lines": 472, "excluded_lines": 2, "num_branches": 206, "num_partial_branches": 17, "covered_branches": 35, "missing_branches": 171}, "missing_lines": [38, 40, 41, 43, 44, 45, 46, 47, 48, 49, 50, 51, 52, 53, 54, 79, 105, 111, 112, 115, 116, 117, 118, 121, 130, 131, 135, 136, 137, 139, 140, 149, 150, 151, 152, 155, 164, 165, 167, 168, 169, 171, 172, 182, 183, 184, 185, 188, 197, 198, 201, 202, 203, 205, 206, 215, 216, 217, 253, 254, 257, 258, 263, 264, 593, 594, 597, 598, 601, 602, 605, 606, 609, 610, 613, 614, 617, 618, 621, 622, 665, 666, 667, 674, 676, 678, 681, 682, 683, 684, 687, 688, 689, 690, 697, 698, 699, 700, 707, 708, 709, 716, 717, 718, 719, 722, 723, 724, 725, 728, 729, 731, 732, 735, 738, 739, 740, 742, 743, 746, 751, 756, 761, 762, 763, 764, 765, 768, 769, 770, 771, 773, 783, 790, 791, 792, 793, 796, 797, 798, 804, 810, 814, 815, 816, 817, 818, 821, 822, 823, 824, 825, 827, 828, 829, 830, 832, 833, 834, 838, 850, 851, 852, 901, 902, 903, 910, 912, 913, 914, 915, 916, 919, 920, 921, 929, 930, 931, 932, 940, 941, 949, 950, 951, 952, 955, 957, 959, 960, 962, 963, 964, 967, 970, 972, 975, 978, 979, 980, 982, 983, 986, 991, 999, 1000, 1009, 1010, 1011, 1013, 1014, 1016, 1018, 1020, 1021, 1022, 1023, 1025, 1028, 1039, 1047, 1052, 1053, 1054, 1055, 1056, 1057, 1058, 1060, 1073, 1074, 1075, 1076, 1079, 1080, 1088, 1090, 1091, 1096, 1097, 1102, 1103, 1104, 1105, 1106, 1109, 1117, 1119, 1121, 1131, 1132, 1133, 1180, 1181, 1182, 1189, 1190, 1191, 1192, 1195, 1196, 1197, 1198, 1205, 1206, 1208, 1213, 1214, 1215, 1217, 1219, 1220, 1221, 1222, 1225, 1226, 1228, 1229, 1230, 1231, 1232, 1233, 1234, 1235, 1237, 1239, 1240, 1241, 1279, 1280, 1281, 1287, 1288, 1289, 1290, 1291, 1292, 1295, 1296, 1302, 1303, 1310, 1311, 1318, 1319, 1320, 1325, 1332, 1333, 1340, 1341, 1342, 1343, 1350, 1351, 1357, 1359, 1360, 1361, 1362, 1365, 1367, 1368, 1369, 1377, 1383, 1384, 1385, 1391, 1392, 1397, 1398, 1399, 1437, 1438, 1439, 1446, 1447, 1448, 1449, 1452, 1453, 1461, 1462, 1470, 1471, 1479, 1480, 1487, 1488, 1490, 1493, 1494, 1501, 1502, 1503, 1510, 1511, 1523, 1524, 1526, 1527, 1535, 1536, 1537, 1539, 1540, 1542, 1543, 1544, 1545, 1546, 1547, 1548, 1549, 1551, 1552, 1560, 1561, 1562, 1569, 1570, 1576, 1577, 1578, 1598, 1599, 1600, 1601, 1608, 1609, 1610, 1611, 1621, 1622, 1623, 1624, 1625, 1626, 1669, 1670, 1671, 1672, 1680, 1681, 1682, 1689, 1691, 1692, 1693, 1694, 1697, 1698, 1705, 1706, 1713, 1714, 1722, 1724, 1725, 1733, 1738, 1739, 1744, 1745, 1748, 1749, 1750, 1751, 1752, 1755, 1763, 1765, 1766, 1767, 1792, 1793, 1817, 1818, 1827, 1828, 1829, 1837, 1838, 1839, 1840, 1842, 1843, 1844, 1869, 1870, 1880, 1881, 1882, 1891, 1892, 1893, 1894, 1896, 1897, 1898, 1923, 1924, 1931, 1932, 1933, 1939, 1940, 1941, 1942, 1944, 1945, 1946], "excluded_lines": [1975, 1976], "executed_branches": [[94, 95], [103, 104], [103, 108], [104, 103], [109, 142], [147, 174], [180, 208], [252, 256], [256, 262], [262, 266], [291, 292], [291, 295], [295, 296], [295, 300], [588, 589], [588, 592], [592, 596], [596, 600], [600, 604], [604, 608], [608, 612], [612, 616], [616, 620], [620, 625], [1594, 1595], [1594, 1604], [1604, 1605], [1604, 1614], [1614, 1615], [1614, 1628], [1617, 1618], [1780, 1781], [1780, 1795], [1781, 1782], [1781, 1795]], "missing_branches": [[94, 99], [104, 105], [109, 111], [135, 136], [135, 139], [147, 149], [167, 168], [167, 171], [180, 182], [201, 202], [201, 205], [252, 253], [256, 257], [262, 263], [592, 593], [596, 597], [600, 601], [604, 605], [608, 609], [612, 613], [616, 617], [620, 621], [666, 667], [666, 674], [689, 690], [689, 697], [697, 698], [697, 707], [699, 700], [699, 707], [708, 709], [708, 716], [717, 718], [717, 768], [723, 724], [723, 728], [739, 740], [739, 746], [769, 770], [769, 821], [791, 792], [791, 821], [796, 797], [796, 821], [822, 823], [822, 824], [824, 825], [824, 827], [827, 828], [827, 829], [829, 830], [829, 832], [902, 903], [902, 910], [920, 921], [920, 929], [929, 930], [929, 940], [931, 932], [931, 940], [940, 941], [940, 949], [959, 960], [959, 1013], [962, 963], [962, 967], [979, 980], [979, 986], [999, 1000], [999, 1009], [1013, 1014], [1013, 1079], [1018, 1020], [1018, 1039], [1021, 1022], [1021, 1025], [1052, 1053], [1052, 1073], [1088, 1090], [1088, 1096], [1090, 1091], [1090, 1096], [1096, 1097], [1096, 1102], [1104, 1105], [1104, 1119], [1181, 1182], [1181, 1189], [1196, 1197], [1196, 1205], [1205, 1206], [1205, 1208], [1217, 1219], [1217, 1225], [1219, 1220], [1219, 1221], [1230, 1231], [1230, 1232], [1280, 1281], [1280, 1287], [1295, 1296], [1295, 1302], [1302, 1303], [1302, 1310], [1310, 1311], [1310, 1318], [1319, 1320], [1319, 1332], [1332, 1333], [1332, 1340], [1350, 1351], [1350, 1357], [1359, 1360], [1359, 1365], [1361, 1362], [1361, 1365], [1367, 1368], [1367, 1377], [1438, 1439], [1438, 1446], [1452, 1453], [1452, 1461], [1461, 1462], [1461, 1470], [1470, 1471], [1470, 1479], [1479, 1480], [1479, 1487], [1488, 1490], [1488, 1523], [1493, 1494], [1493, 1501], [1502, 1503], [1502, 1510], [1526, 1527], [1526, 1535], [1539, 1540], [1539, 1551], [1544, 1539], [1544, 1545], [1617, 1621], [1681, 1682], [1681, 1689], [1697, 1698], [1697, 1705], [1705, 1706], [1705, 1713], [1713, 1714], [1713, 1722], [1724, 1725], [1724, 1733], [1738, 1739], [1738, 1748], [1748, 1749], [1748, 1755], [1749, 1750], [1749, 1755], [1750, 1749], [1750, 1751], [1817, 1818], [1817, 1827], [1828, 1829], [1828, 1837], [1869, 1870], [1869, 1880], [1881, 1882], [1881, 1891], [1923, 1924], [1923, 1931], [1932, 1933], [1932, 1939]], "functions": {"initialize_storage_clients": {"executed_lines": [89, 91, 92, 94, 95, 99, 102, 103, 104, 108, 109, 142, 143, 146, 147, 174, 175, 178, 179, 180, 208, 209, 212, 213, 214, 219, 221, 230, 231, 233, 234, 235, 236, 238], "summary": {"covered_lines": 34, "num_statements": 76, "percent_covered": 43.61702127659574, "percent_covered_display": "43.6", "missing_lines": 42, "excluded_lines": 0, "num_branches": 18, "num_partial_branches": 5, "covered_branches": 7, "missing_branches": 11}, "missing_lines": [105, 111, 112, 115, 116, 117, 118, 121, 130, 131, 135, 136, 137, 139, 140, 149, 150, 151, 152, 155, 164, 165, 167, 168, 169, 171, 172, 182, 183, 184, 185, 188, 197, 198, 201, 202, 203, 205, 206, 215, 216, 217], "excluded_lines": [], "executed_branches": [[94, 95], [103, 104], [103, 108], [104, 103], [109, 142], [147, 174], [180, 208]], "missing_branches": [[94, 99], [104, 105], [109, 111], [135, 136], [135, 139], [147, 149], [167, 168], [167, 171], [180, 182], [201, 202], [201, 205]]}, "cleanup_storage_clients": {"executed_lines": [252, 256, 262, 266], "summary": {"covered_lines": 4, "num_statements": 10, "percent_covered": 43.75, "percent_covered_display": "43.8", "missing_lines": 6, "excluded_lines": 0, "num_branches": 6, "num_partial_branches": 3, "covered_branches": 3, "missing_branches": 3}, "missing_lines": [253, 254, 257, 258, 263, 264], "excluded_lines": [], "executed_branches": [[252, 256], [256, 262], [262, 266]], "missing_branches": [[252, 253], [256, 257], [262, 263]]}, "list_resources": {"executed_lines": [272], "summary": {"covered_lines": 1, "num_statements": 1, "percent_covered": 100.0, "percent_covered_display": "100.0", "missing_lines": 0, "excluded_lines": 0, "num_branches": 0, "num_partial_branches": 0, "covered_branches": 0, "missing_branches": 0}, "missing_lines": [], "excluded_lines": [], "executed_branches": [], "missing_branches": []}, "read_resource": {"executed_lines": [291, 292, 293, 295, 296, 297, 300], "summary": {"covered_lines": 7, "num_statements": 7, "percent_covered": 100.0, "percent_covered_display": "100.0", "missing_lines": 0, "excluded_lines": 0, "num_branches": 4, "num_partial_branches": 0, "covered_branches": 4, "missing_branches": 0}, "missing_lines": [], "excluded_lines": [], "executed_branches": [[291, 292], [291, 295], [295, 296], [295, 300]], "missing_branches": []}, "list_tools": {"executed_lines": [306], "summary": {"covered_lines": 1, "num_statements": 1, "percent_covered": 100.0, "percent_covered_display": "100.0", "missing_lines": 0, "excluded_lines": 0, "num_branches": 0, "num_partial_branches": 0, "covered_branches": 0, "missing_branches": 0}, "missing_lines": [], "excluded_lines": [], "executed_branches": [], "missing_branches": []}, "call_tool": {"executed_lines": [588, 589, 590, 592, 596, 600, 604, 608, 612, 616, 620, 625], "summary": {"covered_lines": 12, "num_statements": 28, "percent_covered": 47.82608695652174, "percent_covered_display": "47.8", "missing_lines": 16, "excluded_lines": 0, "num_branches": 18, "num_partial_branches": 8, "covered_branches": 10, "missing_branches": 8}, "missing_lines": [593, 594, 597, 598, 601, 602, 605, 606, 609, 610, 613, 614, 617, 618, 621, 622], "excluded_lines": [], "executed_branches": [[588, 589], [588, 592], [592, 596], [596, 600], [600, 604], [604, 608], [608, 612], [612, 616], [616, 620], [620, 625]], "missing_branches": [[592, 593], [596, 597], [600, 601], [604, 605], [608, 609], [612, 613], [616, 617], [620, 621]]}, "store_context_tool": {"executed_lines": [], "summary": {"covered_lines": 0, "num_statements": 83, "percent_covered": 0.0, "percent_covered_display": "0.0", "missing_lines": 83, "excluded_lines": 0, "num_branches": 30, "num_partial_branches": 0, "covered_branches": 0, "missing_branches": 30}, "missing_lines": [665, 666, 667, 674, 676, 678, 681, 682, 683, 684, 687, 688, 689, 690, 697, 698, 699, 700, 707, 708, 709, 716, 717, 718, 719, 722, 723, 724, 725, 728, 729, 731, 732, 735, 738, 739, 740, 742, 743, 746, 751, 756, 761, 762, 763, 764, 765, 768, 769, 770, 771, 773, 783, 790, 791, 792, 793, 796, 797, 798, 804, 810, 814, 815, 816, 817, 818, 821, 822, 823, 824, 825, 827, 828, 829, 830, 832, 833, 834, 838, 850, 851, 852], "excluded_lines": [], "executed_branches": [], "missing_branches": [[666, 667], [666, 674], [689, 690], [689, 697], [697, 698], [697, 707], [699, 700], [699, 707], [708, 709], [708, 716], [717, 718], [717, 768], [723, 724], [723, 728], [739, 740], [739, 746], [769, 770], [769, 821], [791, 792], [791, 821], [796, 797], [796, 821], [822, 823], [822, 824], [824, 825], [824, 827], [827, 828], [827, 829], [829, 830], [829, 832]]}, "retrieve_context_tool": {"executed_lines": [], "summary": {"covered_lines": 0, "num_statements": 88, "percent_covered": 0.0, "percent_covered_display": "0.0", "missing_lines": 88, "excluded_lines": 0, "num_branches": 34, "num_partial_branches": 0, "covered_branches": 0, "missing_branches": 34}, "missing_lines": [901, 902, 903, 910, 912, 913, 914, 915, 916, 919, 920, 921, 929, 930, 931, 932, 940, 941, 949, 950, 951, 952, 955, 957, 959, 960, 962, 963, 964, 967, 970, 972, 975, 978, 979, 980, 982, 983, 986, 991, 999, 1000, 1009, 1010, 1011, 1013, 1014, 1016, 1018, 1020, 1021, 1022, 1023, 1025, 1028, 1039, 1047, 1052, 1053, 1054, 1055, 1056, 1057, 1058, 1060, 1073, 1074, 1075, 1076, 1079, 1080, 1088, 1090, 1091, 1096, 1097, 1102, 1103, 1104, 1105, 1106, 1109, 1117, 1119, 1121, 1131, 1132, 1133], "excluded_lines": [], "executed_branches": [], "missing_branches": [[902, 903], [902, 910], [920, 921], [920, 929], [929, 930], [929, 940], [931, 932], [931, 940], [940, 941], [940, 949], [959, 960], [959, 1013], [962, 963], [962, 967], [979, 980], [979, 986], [999, 1000], [999, 1009], [1013, 1014], [1013, 1079], [1018, 1020], [1018, 1039], [1021, 1022], [1021, 1025], [1052, 1053], [1052, 1073], [1088, 1090], [1088, 1096], [1090, 1091], [1090, 1096], [1096, 1097], [1096, 1102], [1104, 1105], [1104, 1119]]}, "query_graph_tool": {"executed_lines": [], "summary": {"covered_lines": 0, "num_statements": 36, "percent_covered": 0.0, "percent_covered_display": "0.0", "missing_lines": 36, "excluded_lines": 0, "num_branches": 12, "num_partial_branches": 0, "covered_branches": 0, "missing_branches": 12}, "missing_lines": [1180, 1181, 1182, 1189, 1190, 1191, 1192, 1195, 1196, 1197, 1198, 1205, 1206, 1208, 1213, 1214, 1215, 1217, 1219, 1220, 1221, 1222, 1225, 1226, 1228, 1229, 1230, 1231, 1232, 1233, 1234, 1235, 1237, 1239, 1240, 1241], "excluded_lines": [], "executed_branches": [], "missing_branches": [[1181, 1182], [1181, 1189], [1196, 1197], [1196, 1205], [1205, 1206], [1205, 1208], [1217, 1219], [1217, 1225], [1219, 1220], [1219, 1221], [1230, 1231], [1230, 1232]]}, "update_scratchpad_tool": {"executed_lines": [], "summary": {"covered_lines": 0, "num_statements": 45, "percent_covered": 0.0, "percent_covered_display": "0.0", "missing_lines": 45, "excluded_lines": 0, "num_branches": 20, "num_partial_branches": 0, "covered_branches": 0, "missing_branches": 20}, "missing_lines": [1279, 1280, 1281, 1287, 1288, 1289, 1290, 1291, 1292, 1295, 1296, 1302, 1303, 1310, 1311, 1318, 1319, 1320, 1325, 1332, 1333, 1340, 1341, 1342, 1343, 1350, 1351, 1357, 1359, 1360, 1361, 1362, 1365, 1367, 1368, 1369, 1377, 1383, 1384, 1385, 1391, 1392, 1397, 1398, 1399], "excluded_lines": [], "executed_branches": [], "missing_branches": [[1280, 1281], [1280, 1287], [1295, 1296], [1295, 1302], [1302, 1303], [1302, 1310], [1310, 1311], [1310, 1318], [1319, 1320], [1319, 1332], [1332, 1333], [1332, 1340], [1350, 1351], [1350, 1357], [1359, 1360], [1359, 1365], [1361, 1362], [1361, 1365], [1367, 1368], [1367, 1377]]}, "get_agent_state_tool": {"executed_lines": [], "summary": {"covered_lines": 0, "num_statements": 52, "percent_covered": 0.0, "percent_covered_display": "0.0", "missing_lines": 52, "excluded_lines": 0, "num_branches": 22, "num_partial_branches": 0, "covered_branches": 0, "missing_branches": 22}, "missing_lines": [1437, 1438, 1439, 1446, 1447, 1448, 1449, 1452, 1453, 1461, 1462, 1470, 1471, 1479, 1480, 1487, 1488, 1490, 1493, 1494, 1501, 1502, 1503, 1510, 1511, 1523, 1524, 1526, 1527, 1535, 1536, 1537, 1539, 1540, 1542, 1543, 1544, 1545, 1546, 1547, 1548, 1549, 1551, 1552, 1560, 1561, 1562, 1569, 1570, 1576, 1577, 1578], "excluded_lines": [], "executed_branches": [], "missing_branches": [[1438, 1439], [1438, 1446], [1452, 1453], [1452, 1461], [1461, 1462], [1461, 1470], [1470, 1471], [1470, 1479], [1479, 1480], [1479, 1487], [1488, 1490], [1488, 1523], [1493, 1494], [1493, 1501], [1502, 1503], [1502, 1510], [1526, 1527], [1526, 1535], [1539, 1540], [1539, 1551], [1544, 1539], [1544, 1545]]}, "get_health_status": {"executed_lines": [1588, 1594, 1595, 1596, 1597, 1604, 1605, 1606, 1607, 1614, 1615, 1617, 1618, 1619, 1628], "summary": {"covered_lines": 15, "num_statements": 29, "percent_covered": 59.45945945945946, "percent_covered_display": "59.5", "missing_lines": 14, "excluded_lines": 0, "num_branches": 8, "num_partial_branches": 1, "covered_branches": 7, "missing_branches": 1}, "missing_lines": [1598, 1599, 1600, 1601, 1608, 1609, 1610, 1611, 1621, 1622, 1623, 1624, 1625, 1626], "excluded_lines": [], "executed_branches": [[1594, 1595], [1594, 1604], [1604, 1605], [1604, 1614], [1614, 1615], [1614, 1628], [1617, 1618]], "missing_branches": [[1617, 1621]]}, "detect_communities_tool": {"executed_lines": [], "summary": {"covered_lines": 0, "num_statements": 36, "percent_covered": 0.0, "percent_covered_display": "0.0", "missing_lines": 36, "excluded_lines": 0, "num_branches": 18, "num_partial_branches": 0, "covered_branches": 0, "missing_branches": 18}, "missing_lines": [1669, 1670, 1671, 1672, 1680, 1681, 1682, 1689, 1691, 1692, 1693, 1694, 1697, 1698, 1705, 1706, 1713, 1714, 1722, 1724, 1725, 1733, 1738, 1739, 1744, 1745, 1748, 1749, 1750, 1751, 1752, 1755, 1763, 1765, 1766, 1767], "excluded_lines": [], "executed_branches": [], "missing_branches": [[1681, 1682], [1681, 1689], [1697, 1698], [1697, 1705], [1705, 1706], [1705, 1713], [1713, 1714], [1713, 1722], [1724, 1725], [1724, 1733], [1738, 1739], [1738, 1748], [1748, 1749], [1748, 1755], [1749, 1750], [1749, 1755], [1750, 1749], [1750, 1751]]}, "get_tools_info": {"executed_lines": [1777, 1778, 1780, 1781, 1782, 1783, 1784, 1785, 1795], "summary": {"covered_lines": 9, "num_statements": 11, "percent_covered": 86.66666666666667, "percent_covered_display": "86.7", "missing_lines": 2, "excluded_lines": 0, "num_branches": 4, "num_partial_branches": 0, "covered_branches": 4, "missing_branches": 0}, "missing_lines": [1792, 1793], "excluded_lines": [], "executed_branches": [[1780, 1781], [1780, 1795], [1781, 1782], [1781, 1795]], "missing_branches": []}, "select_tools_tool": {"executed_lines": [], "summary": {"covered_lines": 0, "num_statements": 12, "percent_covered": 0.0, "percent_covered_display": "0.0", "missing_lines": 12, "excluded_lines": 0, "num_branches": 4, "num_partial_branches": 0, "covered_branches": 0, "missing_branches": 4}, "missing_lines": [1817, 1818, 1827, 1828, 1829, 1837, 1838, 1839, 1840, 1842, 1843, 1844], "excluded_lines": [], "executed_branches": [], "missing_branches": [[1817, 1818], [1817, 1827], [1828, 1829], [1828, 1837]]}, "list_available_tools_tool": {"executed_lines": [], "summary": {"covered_lines": 0, "num_statements": 12, "percent_covered": 0.0, "percent_covered_display": "0.0", "missing_lines": 12, "excluded_lines": 0, "num_branches": 4, "num_partial_branches": 0, "covered_branches": 0, "missing_branches": 4}, "missing_lines": [1869, 1870, 1880, 1881, 1882, 1891, 1892, 1893, 1894, 1896, 1897, 1898], "excluded_lines": [], "executed_branches": [], "missing_branches": [[1869, 1870], [1869, 1880], [1881, 1882], [1881, 1891]]}, "get_tool_info_tool": {"executed_lines": [], "summary": {"covered_lines": 0, "num_statements": 12, "percent_covered": 0.0, "percent_covered_display": "0.0", "missing_lines": 12, "excluded_lines": 0, "num_branches": 4, "num_partial_branches": 0, "covered_branches": 0, "missing_branches": 4}, "missing_lines": [1923, 1924, 1931, 1932, 1933, 1939, 1940, 1941, 1942, 1944, 1945, 1946], "excluded_lines": [], "executed_branches": [], "missing_branches": [[1923, 1924], [1923, 1931], [1932, 1933], [1932, 1939]]}, "main": {"executed_lines": [1956, 1958, 1960, 1961, 1972], "summary": {"covered_lines": 5, "num_statements": 5, "percent_covered": 100.0, "percent_covered_display": "100.0", "missing_lines": 0, "excluded_lines": 0, "num_branches": 0, "num_partial_branches": 0, "covered_branches": 0, "missing_branches": 0}, "missing_lines": [], "excluded_lines": [], "executed_branches": [], "missing_branches": []}, "": {"executed_lines": [2, 10, 11, 12, 13, 14, 15, 18, 19, 20, 21, 24, 26, 27, 28, 29, 30, 31, 32, 33, 34, 35, 36, 37, 57, 58, 61, 64, 65, 66, 67, 70, 71, 72, 73, 76, 77, 80, 81, 82, 85, 248, 269, 270, 288, 289, 303, 304, 583, 584, 628, 859, 1140, 1244, 1406, 1586, 1631, 1775, 1798, 1853, 1908, 1953, 1975], "summary": {"covered_lines": 61, "num_statements": 77, "percent_covered": 79.22077922077922, "percent_covered_display": "79.2", "missing_lines": 16, "excluded_lines": 2, "num_branches": 0, "num_partial_branches": 0, "covered_branches": 0, "missing_branches": 0}, "missing_lines": [38, 40, 41, 43, 44, 45, 46, 47, 48, 49, 50, 51, 52, 53, 54, 79], "excluded_lines": [1975, 1976], "executed_branches": [], "missing_branches": []}}, "classes": {"": {"executed_lines": [2, 10, 11, 12, 13, 14, 15, 18, 19, 20, 21, 24, 26, 27, 28, 29, 30, 31, 32, 33, 34, 35, 36, 37, 57, 58, 61, 64, 65, 66, 67, 70, 71, 72, 73, 76, 77, 80, 81, 82, 85, 89, 91, 92, 94, 95, 99, 102, 103, 104, 108, 109, 142, 143, 146, 147, 174, 175, 178, 179, 180, 208, 209, 212, 213, 214, 219, 221, 230, 231, 233, 234, 235, 236, 238, 248, 252, 256, 262, 266, 269, 270, 272, 288, 289, 291, 292, 293, 295, 296, 297, 300, 303, 304, 306, 583, 584, 588, 589, 590, 592, 596, 600, 604, 608, 612, 616, 620, 625, 628, 859, 1140, 1244, 1406, 1586, 1588, 1594, 1595, 1596, 1597, 1604, 1605, 1606, 1607, 1614, 1615, 1617, 1618, 1619, 1628, 1631, 1775, 1777, 1778, 1780, 1781, 1782, 1783, 1784, 1785, 1795, 1798, 1853, 1908, 1953, 1956, 1958, 1960, 1961, 1972, 1975], "summary": {"covered_lines": 149, "num_statements": 621, "percent_covered": 22.249093107617895, "percent_covered_display": "22.2", "missing_lines": 472, "excluded_lines": 2, "num_branches": 206, "num_partial_branches": 17, "covered_branches": 35, "missing_branches": 171}, "missing_lines": [38, 40, 41, 43, 44, 45, 46, 47, 48, 49, 50, 51, 52, 53, 54, 79, 105, 111, 112, 115, 116, 117, 118, 121, 130, 131, 135, 136, 137, 139, 140, 149, 150, 151, 152, 155, 164, 165, 167, 168, 169, 171, 172, 182, 183, 184, 185, 188, 197, 198, 201, 202, 203, 205, 206, 215, 216, 217, 253, 254, 257, 258, 263, 264, 593, 594, 597, 598, 601, 602, 605, 606, 609, 610, 613, 614, 617, 618, 621, 622, 665, 666, 667, 674, 676, 678, 681, 682, 683, 684, 687, 688, 689, 690, 697, 698, 699, 700, 707, 708, 709, 716, 717, 718, 719, 722, 723, 724, 725, 728, 729, 731, 732, 735, 738, 739, 740, 742, 743, 746, 751, 756, 761, 762, 763, 764, 765, 768, 769, 770, 771, 773, 783, 790, 791, 792, 793, 796, 797, 798, 804, 810, 814, 815, 816, 817, 818, 821, 822, 823, 824, 825, 827, 828, 829, 830, 832, 833, 834, 838, 850, 851, 852, 901, 902, 903, 910, 912, 913, 914, 915, 916, 919, 920, 921, 929, 930, 931, 932, 940, 941, 949, 950, 951, 952, 955, 957, 959, 960, 962, 963, 964, 967, 970, 972, 975, 978, 979, 980, 982, 983, 986, 991, 999, 1000, 1009, 1010, 1011, 1013, 1014, 1016, 1018, 1020, 1021, 1022, 1023, 1025, 1028, 1039, 1047, 1052, 1053, 1054, 1055, 1056, 1057, 1058, 1060, 1073, 1074, 1075, 1076, 1079, 1080, 1088, 1090, 1091, 1096, 1097, 1102, 1103, 1104, 1105, 1106, 1109, 1117, 1119, 1121, 1131, 1132, 1133, 1180, 1181, 1182, 1189, 1190, 1191, 1192, 1195, 1196, 1197, 1198, 1205, 1206, 1208, 1213, 1214, 1215, 1217, 1219, 1220, 1221, 1222, 1225, 1226, 1228, 1229, 1230, 1231, 1232, 1233, 1234, 1235, 1237, 1239, 1240, 1241, 1279, 1280, 1281, 1287, 1288, 1289, 1290, 1291, 1292, 1295, 1296, 1302, 1303, 1310, 1311, 1318, 1319, 1320, 1325, 1332, 1333, 1340, 1341, 1342, 1343, 1350, 1351, 1357, 1359, 1360, 1361, 1362, 1365, 1367, 1368, 1369, 1377, 1383, 1384, 1385, 1391, 1392, 1397, 1398, 1399, 1437, 1438, 1439, 1446, 1447, 1448, 1449, 1452, 1453, 1461, 1462, 1470, 1471, 1479, 1480, 1487, 1488, 1490, 1493, 1494, 1501, 1502, 1503, 1510, 1511, 1523, 1524, 1526, 1527, 1535, 1536, 1537, 1539, 1540, 1542, 1543, 1544, 1545, 1546, 1547, 1548, 1549, 1551, 1552, 1560, 1561, 1562, 1569, 1570, 1576, 1577, 1578, 1598, 1599, 1600, 1601, 1608, 1609, 1610, 1611, 1621, 1622, 1623, 1624, 1625, 1626, 1669, 1670, 1671, 1672, 1680, 1681, 1682, 1689, 1691, 1692, 1693, 1694, 1697, 1698, 1705, 1706, 1713, 1714, 1722, 1724, 1725, 1733, 1738, 1739, 1744, 1745, 1748, 1749, 1750, 1751, 1752, 1755, 1763, 1765, 1766, 1767, 1792, 1793, 1817, 1818, 1827, 1828, 1829, 1837, 1838, 1839, 1840, 1842, 1843, 1844, 1869, 1870, 1880, 1881, 1882, 1891, 1892, 1893, 1894, 1896, 1897, 1898, 1923, 1924, 1931, 1932, 1933, 1939, 1940, 1941, 1942, 1944, 1945, 1946], "excluded_lines": [1975, 1976], "executed_branches": [[94, 95], [103, 104], [103, 108], [104, 103], [109, 142], [147, 174], [180, 208], [252, 256], [256, 262], [262, 266], [291, 292], [291, 295], [295, 296], [295, 300], [588, 589], [588, 592], [592, 596], [596, 600], [600, 604], [604, 608], [608, 612], [612, 616], [616, 620], [620, 625], [1594, 1595], [1594, 1604], [1604, 1605], [1604, 1614], [1614, 1615], [1614, 1628], [1617, 1618], [1780, 1781], [1780, 1795], [1781, 1782], [1781, 1795]], "missing_branches": [[94, 99], [104, 105], [109, 111], [135, 136], [135, 139], [147, 149], [167, 168], [167, 171], [180, 182], [201, 202], [201, 205], [252, 253], [256, 257], [262, 263], [592, 593], [596, 597], [600, 601], [604, 605], [608, 609], [612, 613], [616, 617], [620, 621], [666, 667], [666, 674], [689, 690], [689, 697], [697, 698], [697, 707], [699, 700], [699, 707], [708, 709], [708, 716], [717, 718], [717, 768], [723, 724], [723, 728], [739, 740], [739, 746], [769, 770], [769, 821], [791, 792], [791, 821], [796, 797], [796, 821], [822, 823], [822, 824], [824, 825], [824, 827], [827, 828], [827, 829], [829, 830], [829, 832], [902, 903], [902, 910], [920, 921], [920, 929], [929, 930], [929, 940], [931, 932], [931, 940], [940, 941], [940, 949], [959, 960], [959, 1013], [962, 963], [962, 967], [979, 980], [979, 986], [999, 1000], [999, 1009], [1013, 1014], [1013, 1079], [1018, 1020], [1018, 1039], [1021, 1022], [1021, 1025], [1052, 1053], [1052, 1073], [1088, 1090], [1088, 1096], [1090, 1091], [1090, 1096], [1096, 1097], [1096, 1102], [1104, 1105], [1104, 1119], [1181, 1182], [1181, 1189], [1196, 1197], [1196, 1205], [1205, 1206], [1205, 1208], [1217, 1219], [1217, 1225], [1219, 1220], [1219, 1221], [1230, 1231], [1230, 1232], [1280, 1281], [1280, 1287], [1295, 1296], [1295, 1302], [1302, 1303], [1302, 1310], [1310, 1311], [1310, 1318], [1319, 1320], [1319, 1332], [1332, 1333], [1332, 1340], [1350, 1351], [1350, 1357], [1359, 1360], [1359, 1365], [1361, 1362], [1361, 1365], [1367, 1368], [1367, 1377], [1438, 1439], [1438, 1446], [1452, 1453], [1452, 1461], [1461, 1462], [1461, 1470], [1470, 1471], [1470, 1479], [1479, 1480], [1479, 1487], [1488, 1490], [1488, 1523], [1493, 1494], [1493, 1501], [1502, 1503], [1502, 1510], [1526, 1527], [1526, 1535], [1539, 1540], [1539, 1551], [1544, 1539], [1544, 1545], [1617, 1621], [1681, 1682], [1681, 1689], [1697, 1698], [1697, 1705], [1705, 1706], [1705, 1713], [1713, 1714], [1713, 1722], [1724, 1725], [1724, 1733], [1738, 1739], [1738, 1748], [1748, 1749], [1748, 1755], [1749, 1750], [1749, 1755], [1750, 1749], [1750, 1751], [1817, 1818], [1817, 1827], [1828, 1829], [1828, 1837], [1869, 1870], [1869, 1880], [1881, 1882], [1881, 1891], [1923, 1924], [1923, 1931], [1932, 1933], [1932, 1939]]}}}}, "totals": {"covered_lines": 149, "num_statements": 621, "percent_covered": 22.249093107617895, "percent_covered_display": "22.2", "missing_lines": 472, "excluded_lines": 2, "num_branches": 206, "num_partial_branches": 17, "covered_branches": 35, "missing_branches": 171}}